>>> cc

".\HARDWARE\SRC\exti.c", line 62: Warning:  #186-D: pointless comparison of unsigned integer with zero
  		if(z_cha<0)
  		        ^
".\HARDWARE\SRC\exti.c", line 65: Warning:  #186-D: pointless comparison of unsigned integer with zero
  		if(y_cha<0)
  		        ^
".\HARDWARE\SRC\exti.c", line 68: Warning:  #186-D: pointless comparison of unsigned integer with zero
  		if(q_cha<0)
  		        ^
".\HARDWARE\SRC\exti.c", line 71: Warning:  #186-D: pointless comparison of unsigned integer with zero
  		if(h_cha<0)
  		        ^
.\HARDWARE\SRC\exti.c: 4 warnings, 0 errors
".\HARDWARE\SRC\move.c", line 205: Warning:  #175-D: subscript out of range
  		DJ_MOVE_BUFF_SET(a[i][0],a[i][1],a[i][4]);
  		                                     ^
".\HARDWARE\SRC\move.c", line 236: Warning:  #550-D: variable "n" was set but never used
  	u8 n,m;
  	   ^
".\HARDWARE\SRC\move.c", line 236: Warning:  #550-D: variable "m" was set but never used
  	u8 n,m;
  	     ^
.\HARDWARE\SRC\move.c: 3 warnings, 0 errors
".\HARDWARE\SRC\hand.c", line 248: Warning:  #186-D: pointless comparison of unsigned integer with zero
              for (u8 i = 5; i >= 0 && i < 10; i--) {
                               ^
".\HARDWARE\SRC\hand.c", line 286: Warning:  #186-D: pointless comparison of unsigned integer with zero
          for (u8 i = 5; i >= 0 && i < 10; i--) {
                           ^
".\HARDWARE\SRC\hand.c", line 317: Warning:  #186-D: pointless comparison of unsigned integer with zero
          for (u8 i = 5; i >= 0 && i < 10; i--) {
                           ^
".\HARDWARE\SRC\hand.c", line 337: Warning:  #186-D: pointless comparison of unsigned integer with zero
          for (D_i = 5; D_i >= 0 && D_i < 10; D_i--) {
                            ^
.\HARDWARE\SRC\hand.c: 4 warnings, 0 errors
".\HARDWARE\SRC\moto.c", line 556: Warning:  #550-D: variable "at" was set but never used
  	u8 at = 0;		
  	   ^
".\HARDWARE\SRC\moto.c", line 774: Warning:  #940-D: missing return statement at end of non-void function "BMQ_MOVE"
  }
  ^
.\HARDWARE\SRC\moto.c: 2 warnings, 0 errors
".\USER\main.c", line 23: Warning:  #177-D: variable "tx_flag" was declared but never referenced
      int tx_flag = 0;
          ^
.\USER\main.c: 1 warning, 0 errors
".\SYSTEM\usart\usart.c", line 365: Warning:  #177-D: variable "Lcnt" was declared but never referenced
      static u8 Lcnt = 0, Rcnt = 0;
                ^
".\SYSTEM\usart\usart.c", line 365: Warning:  #177-D: variable "Rcnt" was declared but never referenced
      static u8 Lcnt = 0, Rcnt = 0;
                          ^
.\SYSTEM\usart\usart.c: 2 warnings, 0 errors
".\HARDWARE\SRC\ui.c", line 2765: Warning:  #177-D: variable "luxian" was declared but never referenced
      u8 luxian;
         ^
".\HARDWARE\SRC\ui.c", line 2766: Warning:  #177-D: variable "a" was declared but never referenced
      u8 a = 0;
         ^
".\HARDWARE\SRC\ui.c", line 2961: Warning:  #177-D: variable "luxian" was declared but never referenced
      u8 luxian;
         ^
".\HARDWARE\SRC\ui.c", line 2962: Warning:  #177-D: variable "a" was declared but never referenced
      u8 a = 0;
         ^
".\HARDWARE\SRC\ui.c", line 3150: Warning:  #177-D: variable "luxian" was declared but never referenced
      u8 luxian;
         ^
".\HARDWARE\SRC\ui.c", line 3151: Warning:  #177-D: variable "a" was declared but never referenced
      u8 a = 0;
         ^
".\HARDWARE\SRC\ui.c", line 3422: Warning:  #174-D: expression has no effect
                               (a1, 0);
                                ^
".\HARDWARE\SRC\ui.c", line 3422: Warning:  #174-D: expression has no effect
                               (a1, 0);
                               ^
".\HARDWARE\SRC\ui.c", line 3427: Warning:  #174-D: expression has no effect
                               (b1, 0);
                                ^
".\HARDWARE\SRC\ui.c", line 3427: Warning:  #174-D: expression has no effect
                               (b1, 0);
                               ^
".\HARDWARE\SRC\ui.c", line 3432: Warning:  #174-D: expression has no effect
                               (c1, 0);
                                ^
".\HARDWARE\SRC\ui.c", line 3432: Warning:  #174-D: expression has no effect
                               (c1, 0);
                               ^
".\HARDWARE\SRC\ui.c", line 3437: Warning:  #174-D: expression has no effect
                               (d1, 0);
                                ^
".\HARDWARE\SRC\ui.c", line 3437: Warning:  #174-D: expression has no effect
                               (d1, 0);
                               ^
".\HARDWARE\SRC\ui.c", line 3566: Warning:  #174-D: expression has no effect
                               (a2, 0);
                                ^
".\HARDWARE\SRC\ui.c", line 3566: Warning:  #174-D: expression has no effect
                               (a2, 0);
                               ^
".\HARDWARE\SRC\ui.c", line 3571: Warning:  #174-D: expression has no effect
                               (a2, 0);
                                ^
".\HARDWARE\SRC\ui.c", line 3571: Warning:  #174-D: expression has no effect
                               (a2, 0);
                               ^
".\HARDWARE\SRC\ui.c", line 3576: Warning:  #174-D: expression has no effect
                               (c2, 0);
                                ^
".\HARDWARE\SRC\ui.c", line 3576: Warning:  #174-D: expression has no effect
                               (c2, 0);
                               ^
".\HARDWARE\SRC\ui.c", line 3581: Warning:  #174-D: expression has no effect
                               (d2, 0);
                                ^
".\HARDWARE\SRC\ui.c", line 3581: Warning:  #174-D: expression has no effect
                               (d2, 0);
                               ^
".\HARDWARE\SRC\ui.c", line 3586: Warning:  #174-D: expression has no effect
                               (e2, 0);
                                ^
".\HARDWARE\SRC\ui.c", line 3586: Warning:  #174-D: expression has no effect
                               (e2, 0);
                               ^
.\HARDWARE\SRC\ui.c: 24 warnings, 0 errors

>>> ld

Program Size: Code=60048 RO-data=20216 RW-data=4880 ZI-data=9616  
